<?xml version="1.0" encoding="UTF-8"?>
<testsuite name="com.geekoosh.flyway.GitServiceTests" tests="1" skipped="0" failures="0" errors="0" timestamp="2021-10-18T04:53:45" hostname="88665a14a6c3.ant.amazon.com" time="1.611">
  <properties/>
  <testcase name="reuseGitRepo" classname="com.geekoosh.flyway.GitServiceTests" time="1.611"/>
  <system-out><![CDATA[2021-10-18 06:53:47  ERROR GitService:87 - Failed opening git repo
org.eclipse.jgit.errors.RepositoryNotFoundException: repository not found: /private/tmp/gitrepo
	at org.eclipse.jgit.lib.BaseRepositoryBuilder.build(BaseRepositoryBuilder.java:614) ~[org.eclipse.jgit-5.5.0.201909110433-r.jar:5.5.0.201909110433-r]
	at org.eclipse.jgit.api.Git.open(Git.java:124) ~[org.eclipse.jgit-5.5.0.201909110433-r.jar:5.5.0.201909110433-r]
	at org.eclipse.jgit.api.Git.open(Git.java:104) ~[org.eclipse.jgit-5.5.0.201909110433-r.jar:5.5.0.201909110433-r]
	at com.geekoosh.lambda.git.GitService.getRepo(GitService.java:85) [main/:?]
	at com.geekoosh.lambda.git.GitService.repoExists(GitService.java:95) [main/:?]
	at com.geekoosh.lambda.git.GitService.cloneOrPull(GitService.java:141) [main/:?]
	at com.geekoosh.lambda.git.GitService.prepare(GitService.java:169) [main/:?]
	at com.geekoosh.flyway.GitServiceTests.reuseGitRepo(GitServiceTests.java:33) [test/:?]
	at jdk.internal.reflect.NativeMethodAccessorImpl.invoke0(Native Method) ~[?:?]
	at jdk.internal.reflect.NativeMethodAccessorImpl.invoke(NativeMethodAccessorImpl.java:62) ~[?:?]
	at jdk.internal.reflect.DelegatingMethodAccessorImpl.invoke(DelegatingMethodAccessorImpl.java:43) ~[?:?]
	at java.lang.reflect.Method.invoke(Method.java:566) ~[?:?]
	at org.junit.runners.model.FrameworkMethod$1.runReflectiveCall(FrameworkMethod.java:50) [junit-4.12.jar:4.12]
	at org.junit.internal.runners.model.ReflectiveCallable.run(ReflectiveCallable.java:12) [junit-4.12.jar:4.12]
	at org.junit.runners.model.FrameworkMethod.invokeExplosively(FrameworkMethod.java:47) [junit-4.12.jar:4.12]
	at org.junit.internal.runners.statements.InvokeMethod.evaluate(InvokeMethod.java:17) [junit-4.12.jar:4.12]
	at org.junit.internal.runners.statements.RunBefores.evaluate(RunBefores.java:26) [junit-4.12.jar:4.12]
	at org.mockito.internal.runners.DefaultInternalRunner$1$1.evaluate(DefaultInternalRunner.java:44) [mockito-core-2.28.2.jar:?]
	at org.junit.internal.runners.statements.RunAfters.evaluate(RunAfters.java:27) [junit-4.12.jar:4.12]
	at org.junit.runners.ParentRunner.runLeaf(ParentRunner.java:325) [junit-4.12.jar:4.12]
	at org.junit.runners.BlockJUnit4ClassRunner.runChild(BlockJUnit4ClassRunner.java:78) [junit-4.12.jar:4.12]
	at org.junit.runners.BlockJUnit4ClassRunner.runChild(BlockJUnit4ClassRunner.java:57) [junit-4.12.jar:4.12]
	at org.junit.runners.ParentRunner$3.run(ParentRunner.java:290) [junit-4.12.jar:4.12]
	at org.junit.runners.ParentRunner$1.schedule(ParentRunner.java:71) [junit-4.12.jar:4.12]
	at org.junit.runners.ParentRunner.runChildren(ParentRunner.java:288) [junit-4.12.jar:4.12]
	at org.junit.runners.ParentRunner.access$000(ParentRunner.java:58) [junit-4.12.jar:4.12]
	at org.junit.runners.ParentRunner$2.evaluate(ParentRunner.java:268) [junit-4.12.jar:4.12]
	at org.junit.runners.ParentRunner.run(ParentRunner.java:363) [junit-4.12.jar:4.12]
	at org.mockito.internal.runners.DefaultInternalRunner$1.run(DefaultInternalRunner.java:74) [mockito-core-2.28.2.jar:?]
	at org.mockito.internal.runners.DefaultInternalRunner.run(DefaultInternalRunner.java:80) [mockito-core-2.28.2.jar:?]
	at org.mockito.internal.runners.StrictRunner.run(StrictRunner.java:39) [mockito-core-2.28.2.jar:?]
	at org.mockito.junit.MockitoJUnitRunner.run(MockitoJUnitRunner.java:163) [mockito-core-2.28.2.jar:?]
	at org.gradle.api.internal.tasks.testing.junit.JUnitTestClassExecutor.runTestClass(JUnitTestClassExecutor.java:110) [gradle-testing-jvm-6.7.1.jar:6.7.1]
	at org.gradle.api.internal.tasks.testing.junit.JUnitTestClassExecutor.execute(JUnitTestClassExecutor.java:58) [gradle-testing-jvm-6.7.1.jar:6.7.1]
	at org.gradle.api.internal.tasks.testing.junit.JUnitTestClassExecutor.execute(JUnitTestClassExecutor.java:38) [gradle-testing-jvm-6.7.1.jar:6.7.1]
	at org.gradle.api.internal.tasks.testing.junit.AbstractJUnitTestClassProcessor.processTestClass(AbstractJUnitTestClassProcessor.java:62) [gradle-testing-jvm-6.7.1.jar:6.7.1]
	at org.gradle.api.internal.tasks.testing.SuiteTestClassProcessor.processTestClass(SuiteTestClassProcessor.java:51) [gradle-testing-base-6.7.1.jar:6.7.1]
	at jdk.internal.reflect.NativeMethodAccessorImpl.invoke0(Native Method) ~[?:?]
	at jdk.internal.reflect.NativeMethodAccessorImpl.invoke(NativeMethodAccessorImpl.java:62) ~[?:?]
	at jdk.internal.reflect.DelegatingMethodAccessorImpl.invoke(DelegatingMethodAccessorImpl.java:43) ~[?:?]
	at java.lang.reflect.Method.invoke(Method.java:566) ~[?:?]
	at org.gradle.internal.dispatch.ReflectionDispatch.dispatch(ReflectionDispatch.java:36) [gradle-messaging-6.7.1.jar:6.7.1]
	at org.gradle.internal.dispatch.ReflectionDispatch.dispatch(ReflectionDispatch.java:24) [gradle-messaging-6.7.1.jar:6.7.1]
	at org.gradle.internal.dispatch.ContextClassLoaderDispatch.dispatch(ContextClassLoaderDispatch.java:33) [gradle-messaging-6.7.1.jar:6.7.1]
	at org.gradle.internal.dispatch.ProxyDispatchAdapter$DispatchingInvocationHandler.invoke(ProxyDispatchAdapter.java:94) [gradle-messaging-6.7.1.jar:6.7.1]
	at com.sun.proxy.$Proxy2.processTestClass(Unknown Source) [?:?]
	at org.gradle.api.internal.tasks.testing.worker.TestWorker.processTestClass(TestWorker.java:119) [gradle-testing-base-6.7.1.jar:6.7.1]
	at jdk.internal.reflect.NativeMethodAccessorImpl.invoke0(Native Method) ~[?:?]
	at jdk.internal.reflect.NativeMethodAccessorImpl.invoke(NativeMethodAccessorImpl.java:62) ~[?:?]
	at jdk.internal.reflect.DelegatingMethodAccessorImpl.invoke(DelegatingMethodAccessorImpl.java:43) ~[?:?]
	at java.lang.reflect.Method.invoke(Method.java:566) ~[?:?]
	at org.gradle.internal.dispatch.ReflectionDispatch.dispatch(ReflectionDispatch.java:36) [gradle-messaging-6.7.1.jar:6.7.1]
	at org.gradle.internal.dispatch.ReflectionDispatch.dispatch(ReflectionDispatch.java:24) [gradle-messaging-6.7.1.jar:6.7.1]
	at org.gradle.internal.remote.internal.hub.MessageHubBackedObjectConnection$DispatchWrapper.dispatch(MessageHubBackedObjectConnection.java:182) [gradle-messaging-6.7.1.jar:6.7.1]
	at org.gradle.internal.remote.internal.hub.MessageHubBackedObjectConnection$DispatchWrapper.dispatch(MessageHubBackedObjectConnection.java:164) [gradle-messaging-6.7.1.jar:6.7.1]
	at org.gradle.internal.remote.internal.hub.MessageHub$Handler.run(MessageHub.java:414) [gradle-messaging-6.7.1.jar:6.7.1]
	at org.gradle.internal.concurrent.ExecutorPolicy$CatchAndRecordFailures.onExecute(ExecutorPolicy.java:64) [gradle-base-services-6.7.1.jar:6.7.1]
	at org.gradle.internal.concurrent.ManagedExecutorImpl$1.run(ManagedExecutorImpl.java:48) [gradle-base-services-6.7.1.jar:6.7.1]
	at java.util.concurrent.ThreadPoolExecutor.runWorker(ThreadPoolExecutor.java:1128) [?:?]
	at java.util.concurrent.ThreadPoolExecutor$Worker.run(ThreadPoolExecutor.java:628) [?:?]
	at org.gradle.internal.concurrent.ThreadFactoryImpl$ManagedThreadRunnable.run(ThreadFactoryImpl.java:56) [gradle-base-services-6.7.1.jar:6.7.1]
	at java.lang.Thread.run(Thread.java:829) [?:?]
2021-10-18 06:53:47  INFO  GitService:59 - Fetching from https://127.0.0.1:61634/git/tmp_9766273629838429301.git
2021-10-18 06:53:47  INFO  GitService:60 - Fetching from branch refs/heads/master
2021-10-18 06:53:47  INFO  GitService:111 - Pulling from branch refs/heads/master
]]></system-out>
  <system-err><![CDATA[]]></system-err>
</testsuite>
